[debug] [2018-08-15T20:49:28.424Z] ----------------------------------------------------------------------
[debug] [2018-08-15T20:49:28.426Z] Command:       D:\Program Files\nodejs\node.exe C:\Users\Ryan\AppData\Roaming\npm\node_modules\firebase-tools\bin\firebase serve
[debug] [2018-08-15T20:49:28.426Z] CLI Version:   4.0.3
[debug] [2018-08-15T20:49:28.426Z] Platform:      win32
[debug] [2018-08-15T20:49:28.426Z] Node Version:  v8.9.1
[debug] [2018-08-15T20:49:28.427Z] Time:          Wed Aug 15 2018 15:49:28 GMT-0500 (Central Daylight Time)
[debug] [2018-08-15T20:49:28.427Z] ----------------------------------------------------------------------
[debug] 
[debug] [2018-08-15T20:49:28.435Z] > command requires scopes: ["email","openid","https://www.googleapis.com/auth/cloudplatformprojects.readonly","https://www.googleapis.com/auth/firebase","https://www.googleapis.com/auth/cloud-platform"]
[debug] [2018-08-15T20:49:28.435Z] > authorizing via signed-in user
[debug] [2018-08-15T20:49:28.436Z] >>> HTTP REQUEST GET https://admin.firebase.com/v1/projects/hotwords-1dcd8  
  
 Wed Aug 15 2018 15:49:28 GMT-0500 (Central Daylight Time)
[debug] [2018-08-15T20:49:28.692Z] <<< HTTP RESPONSE 200
[debug] [2018-08-15T20:49:28.692Z] >>> HTTP REQUEST GET https://admin.firebase.com/v1/database/hotwords-1dcd8/tokens  
  
 Wed Aug 15 2018 15:49:28 GMT-0500 (Central Daylight Time)
[debug] [2018-08-15T20:49:28.982Z] <<< HTTP RESPONSE 200
[debug] [2018-08-15T20:49:28.983Z] >>> HTTP REQUEST GET https://cloudresourcemanager.googleapis.com/v1/projects/hotwords-1dcd8  
  
 Wed Aug 15 2018 15:49:28 GMT-0500 (Central Daylight Time)
[debug] [2018-08-15T20:49:29.135Z] <<< HTTP RESPONSE 200
[info] 
[info] === Serving from 'C:\Users\Ryan\Coding\HotWords'...
[info] 
[info] i  functions: Preparing to emulate functions.
[debug] [2018-08-15T20:49:29.784Z] Fetching environment
[debug] [2018-08-15T20:49:29.786Z] >>> HTTP REQUEST GET https://mobilesdk-pa.googleapis.com/v1/projects/581836809610:getServerAppConfig  
  
 Wed Aug 15 2018 15:49:29 GMT-0500 (Central Daylight Time)
[debug] [2018-08-15T20:49:29.787Z] >>> HTTP REQUEST GET https://mobilesdk-pa.googleapis.com/v1/projects/581836809610/clients/_:getWebAppConfig  
  
 Wed Aug 15 2018 15:49:29 GMT-0500 (Central Daylight Time)
[debug] [2018-08-15T20:49:30.014Z] <<< HTTP RESPONSE 200
[debug] [2018-08-15T20:49:30.015Z] Starting @google-cloud/functions-emulator
[debug] [2018-08-15T20:49:30.046Z] <<< HTTP RESPONSE 200
[info] i  hosting: Serving hosting files from: public
[info] +  hosting: Local server: http://localhost:5000

[debug] [2018-08-15T20:49:31.572Z] Parsing function triggers
[info] i  functions: No HTTPS functions found. Use firebase functions:shell if you would like to emulate other types of functions.
